android/app/build/intermediates/manifest_merge_blame_file/debug/manifest-merger-blame-debug-report.txt
1<?xml version="1.0" encoding="utf-8"?>
2<manifest xmlns:android="http://schemas.android.com/apk/res/android"
3    package="com.rentx"
4    android:versionCode="1"
5    android:versionName="1.0" >
6
7    <uses-sdk
8        android:minSdkVersion="21"
9        android:targetSdkVersion="30" />
10
11    <uses-permission android:name="android.permission.SYSTEM_ALERT_WINDOW" />
11-->src/main/AndroidManifest.xml:3:3-75
11-->src/main/AndroidManifest.xml:3:20-73
12    <uses-permission android:name="android.permission.INTERNET" />
12-->src/main/AndroidManifest.xml:2:3-64
12-->src/main/AndroidManifest.xml:2:20-62
13    <uses-permission android:name="android.permission.VIBRATE" />
13-->src/main/AndroidManifest.xml:4:3-63
13-->src/main/AndroidManifest.xml:4:20-61
14    <uses-permission android:name="android.permission.READ_EXTERNAL_STORAGE" />
14-->src/main/AndroidManifest.xml:5:3-77
14-->src/main/AndroidManifest.xml:5:20-75
15    <uses-permission android:name="android.permission.WRITE_EXTERNAL_STORAGE" />
15-->src/main/AndroidManifest.xml:6:3-78
15-->src/main/AndroidManifest.xml:6:20-76
16
17    <queries>
17-->src/main/AndroidManifest.xml:7:3-13:13
18        <intent>
18-->src/main/AndroidManifest.xml:8:5-12:14
19            <action android:name="android.intent.action.VIEW" />
19-->src/main/AndroidManifest.xml:9:7-58
19-->src/main/AndroidManifest.xml:9:15-56
20
21            <category android:name="android.intent.category.BROWSABLE" />
21-->src/main/AndroidManifest.xml:10:7-67
21-->src/main/AndroidManifest.xml:10:17-65
22
23            <data android:scheme="https" />
23-->src/main/AndroidManifest.xml:11:7-37
23-->src/main/AndroidManifest.xml:11:13-35
24        </intent>
25        <!-- Query open documents -->
26        <intent>
26-->[:expo-file-system] AndroidManifest.xml:19:9-21:18
27            <action android:name="android.intent.action.OPEN_DOCUMENT_TREE" />
27-->[:expo-file-system] AndroidManifest.xml:20:13-79
27-->[:expo-file-system] AndroidManifest.xml:20:21-76
28        </intent>
29        <intent>
29-->[:expo-image-picker] AndroidManifest.xml:18:9-22:18
30
31            <!-- Required for picking images from the camera roll if targeting API 30 -->
32            <action android:name="android.media.action.IMAGE_CAPTURE" />
32-->[:expo-image-picker] AndroidManifest.xml:21:13-73
32-->[:expo-image-picker] AndroidManifest.xml:21:21-70
33        </intent>
34        <intent>
34-->[:expo-image-picker] AndroidManifest.xml:23:9-27:18
35
36            <!-- Required for picking images from the camera if targeting API 30 -->
37            <action android:name="android.media.action.ACTION_VIDEO_CAPTURE" />
37-->[:expo-image-picker] AndroidManifest.xml:26:13-80
37-->[:expo-image-picker] AndroidManifest.xml:26:21-77
38        </intent>
39    </queries>
40
41    <uses-permission android:name="android.permission.ACCESS_WIFI_STATE" />
41-->[com.facebook.flipper:flipper:0.54.0] AndroidManifest.xml:16:5-76
41-->[com.facebook.flipper:flipper:0.54.0] AndroidManifest.xml:16:22-73
42    <uses-permission android:name="android.permission.READ_PHONE_STATE" /> <!-- Required for picking images from camera directly -->
43    <uses-permission android:name="android.permission.CAMERA" />
43-->[:expo-image-picker] AndroidManifest.xml:11:5-65
43-->[:expo-image-picker] AndroidManifest.xml:11:22-62
44    <uses-permission android:name="com.google.android.finsky.permission.BIND_GET_INSTALL_REFERRER_SERVICE" />
44-->[com.android.installreferrer:installreferrer:1.0] AndroidManifest.xml:9:5-110
44-->[com.android.installreferrer:installreferrer:1.0] AndroidManifest.xml:9:22-107
45
46    <application
46-->src/main/AndroidManifest.xml:14:3-31:17
47        android:name="com.rentx.MainApplication"
47-->src/main/AndroidManifest.xml:14:16-47
48        android:allowBackup="false"
48-->src/main/AndroidManifest.xml:14:162-189
49        android:appComponentFactory="androidx.core.app.CoreComponentFactory"
49-->[androidx.core:core:1.6.0] AndroidManifest.xml:24:18-86
50        android:debuggable="true"
51        android:icon="@mipmap/ic_launcher"
51-->src/main/AndroidManifest.xml:14:81-115
52        android:label="@string/app_name"
52-->src/main/AndroidManifest.xml:14:48-80
53        android:roundIcon="@mipmap/ic_launcher_round"
53-->src/main/AndroidManifest.xml:14:116-161
54        android:theme="@style/AppTheme"
54-->src/main/AndroidManifest.xml:14:190-221
55        android:usesCleartextTraffic="true" >
55-->src/main/AndroidManifest.xml:14:222-257
56        <meta-data
56-->src/main/AndroidManifest.xml:15:5-120
57            android:name="expo.modules.updates.EXPO_UPDATE_URL"
57-->src/main/AndroidManifest.xml:15:16-67
58            android:value="https://exp.host/@mimorubber/rentx" />
58-->src/main/AndroidManifest.xml:15:68-118
59        <meta-data
59-->src/main/AndroidManifest.xml:16:5-93
60            android:name="expo.modules.updates.EXPO_SDK_VERSION"
60-->src/main/AndroidManifest.xml:16:16-68
61            android:value="44.0.0" />
61-->src/main/AndroidManifest.xml:16:69-91
62        <meta-data
62-->src/main/AndroidManifest.xml:17:5-82
63            android:name="expo.modules.updates.ENABLED"
63-->src/main/AndroidManifest.xml:17:16-59
64            android:value="true" />
64-->src/main/AndroidManifest.xml:17:60-80
65        <meta-data
65-->src/main/AndroidManifest.xml:18:5-105
66            android:name="expo.modules.updates.EXPO_UPDATES_CHECK_ON_LAUNCH"
66-->src/main/AndroidManifest.xml:18:16-80
67            android:value="ALWAYS" />
67-->src/main/AndroidManifest.xml:18:81-103
68        <meta-data
68-->src/main/AndroidManifest.xml:19:5-99
69            android:name="expo.modules.updates.EXPO_UPDATES_LAUNCH_WAIT_MS"
69-->src/main/AndroidManifest.xml:19:16-79
70            android:value="0" />
70-->src/main/AndroidManifest.xml:19:80-97
71
72        <activity
72-->src/main/AndroidManifest.xml:20:5-25:16
73            android:name="com.rentx.MainActivity"
73-->src/main/AndroidManifest.xml:20:15-43
74            android:configChanges="keyboard|keyboardHidden|orientation|screenSize|uiMode"
74-->src/main/AndroidManifest.xml:20:77-154
75            android:label="@string/app_name"
75-->src/main/AndroidManifest.xml:20:44-76
76            android:launchMode="singleTask"
76-->src/main/AndroidManifest.xml:20:155-186
77            android:theme="@style/Theme.App.SplashScreen"
77-->src/main/AndroidManifest.xml:20:230-275
78            android:windowSoftInputMode="adjustResize" >
78-->src/main/AndroidManifest.xml:20:187-229
79            <intent-filter>
79-->src/main/AndroidManifest.xml:21:7-24:23
80                <action android:name="android.intent.action.MAIN" />
80-->src/main/AndroidManifest.xml:22:9-60
80-->src/main/AndroidManifest.xml:22:17-58
81
82                <category android:name="android.intent.category.LAUNCHER" />
82-->src/main/AndroidManifest.xml:23:9-68
82-->src/main/AndroidManifest.xml:23:19-66
83            </intent-filter>
84        </activity>
85        <activity android:name="com.facebook.react.devsupport.DevSettingsActivity" />
85-->src/main/AndroidManifest.xml:26:5-81
85-->src/main/AndroidManifest.xml:26:15-79
86        <activity
86-->src/main/AndroidManifest.xml:27:5-30:16
87            android:name="com.theartofdev.edmodo.cropper.CropImageActivity"
87-->src/main/AndroidManifest.xml:28:7-70
88            android:theme="@style/Base.Theme.AppCompat" >
88-->src/main/AndroidManifest.xml:29:7-50
89        </activity>
90
91        <provider
91-->[:expo-file-system] AndroidManifest.xml:25:9-34:20
92            android:name="expo.modules.filesystem.FileSystemFileProvider"
92-->[:expo-file-system] AndroidManifest.xml:26:13-74
93            android:authorities="com.rentx.FileSystemFileProvider"
93-->[:expo-file-system] AndroidManifest.xml:27:13-74
94            android:exported="false"
94-->[:expo-file-system] AndroidManifest.xml:28:13-37
95            android:grantUriPermissions="true" >
95-->[:expo-file-system] AndroidManifest.xml:29:13-47
96            <meta-data
96-->[:expo-file-system] AndroidManifest.xml:31:13-33:70
97                android:name="android.support.FILE_PROVIDER_PATHS"
97-->[:expo-file-system] AndroidManifest.xml:32:17-67
98                android:resource="@xml/file_system_provider_paths" />
98-->[:expo-file-system] AndroidManifest.xml:33:17-67
99        </provider> <!-- https://developer.android.com/guide/topics/manifest/provider-element.html -->
100        <provider
100-->[:expo-image-picker] AndroidManifest.xml:35:9-43:20
101            android:name="expo.modules.imagepicker.ImagePickerFileProvider"
101-->[:expo-image-picker] AndroidManifest.xml:36:13-76
102            android:authorities="com.rentx.ImagePickerFileProvider"
102-->[:expo-image-picker] AndroidManifest.xml:37:13-75
103            android:exported="false"
103-->[:expo-image-picker] AndroidManifest.xml:38:13-37
104            android:grantUriPermissions="true" >
104-->[:expo-image-picker] AndroidManifest.xml:39:13-47
105            <meta-data
105-->[:expo-file-system] AndroidManifest.xml:31:13-33:70
106                android:name="android.support.FILE_PROVIDER_PATHS"
106-->[:expo-file-system] AndroidManifest.xml:32:17-67
107                android:resource="@xml/image_picker_provider_paths" />
107-->[:expo-file-system] AndroidManifest.xml:33:17-67
108        </provider>
109
110        <meta-data
110-->[:expo-modules-core] AndroidManifest.xml:12:9-14:89
111            android:name="org.unimodules.core.AppLoader#react-native-headless"
111-->[:expo-modules-core] AndroidManifest.xml:13:13-79
112            android:value="expo.modules.adapters.react.apploader.RNHeadlessAppLoader" />
112-->[:expo-modules-core] AndroidManifest.xml:14:13-86
113    </application>
114
115</manifest>